// 同步 ID: 02f6ca0b @ Sat Jul  4 12:46:52 UTC 2026
// 重构日志: 52f22e51
// 重构日志: dfc11efe
// 同步 ID: 59292484 @ Sun Jul 12 08:36:44 UTC 2026
// 重构日志: 1b9eb428
// 同步 ID: 2c3ddd7b @ Tue Jul 14 11:45:06 UTC 2026
// 重构日志: da47668d
// 重构日志: bfa04f5e
// 同步 ID: 7699052b @ Wed Jul 15 01:18:23 UTC 2026
// 重构日志: be310941
// 同步 ID: f22e1843 @ Wed Jul 15 17:53:39 UTC 2026
// 重构日志: ab9738b8
// 重构日志: 7e038686
// 重构日志: c09c6e84
// 重构日志: f5ba452c
// 同步 ID: 1b4dfb97 @ Fri Jul 17 12:32:07 UTC 2026
// 重构日志: 17bc90d8
// 重构日志: 34a45135
// 同步 ID: c8256a69 @ Sat Jul 18 08:30:58 UTC 2026
// 重构日志: b8a82c47
// 重构日志: 7dc51627
// 同步 ID: cc4ddc87 @ Sun Jul 19 12:31:48 UTC 2026
// 重构日志: 38d6537b
// 重构日志: 3bda8e37
// 重构日志: cc862aaf
// 重构日志: d2b9af35
// 同步 ID: 6e25552a @ Tue Jul 21 01:47:55 UTC 2026
// 重构日志: 37c666ef
// 重构日志: 07e9caea
// 同步 ID: ae9ff73c @ Wed Jul 22 01:31:57 UTC 2026
// 重构日志: 646eb6fb
// 重构日志: 6739263f
// 重构日志: 3296cd96
